Unity Editor version:    2021.3.3f1 (af2e63e8f9bd)
Branch:                  2021.3/staging
Build type:              Release
Batch mode:              YES
macOS version:           Version 13.0.1 (Build 22A400)
Darwin version:          22.1.0
Architecture:            arm64
Running under Rosetta:   NO
Available memory:        8192 MB
Using pre-set license
Pro License: YES

COMMAND LINE ARGUMENTS:
/Applications/Unity/Hub/Editor/2021.3.3f1/Unity.app/Contents/MacOS/Unity
-adb2
-batchMode
-noUpm
-name
AssetImportWorker1
-projectPath
/Users/lixiyao/Desktop/UCL/0113 Virtual Environment/Golf_test/My project
-logFile
Logs/AssetImportWorker1.log
-srvPort
62309
Successfully changed project path to: /Users/lixiyao/Desktop/UCL/0113 Virtual Environment/Golf_test/My project
/Users/lixiyao/Desktop/UCL/0113 Virtual Environment/Golf_test/My project
[UnityMemory] Configuration Parameters - Can be set up in boot.config
    "memorysetup-bucket-allocator-granularity=16"
    "memorysetup-bucket-allocator-bucket-count=8"
    "memorysetup-bucket-allocator-block-size=33554432"
    "memorysetup-bucket-allocator-block-count=8"
    "memorysetup-main-allocator-block-size=16777216"
    "memorysetup-thread-allocator-block-size=16777216"
    "memorysetup-gfx-main-allocator-block-size=16777216"
    "memorysetup-gfx-thread-allocator-block-size=16777216"
    "memorysetup-cache-allocator-block-size=4194304"
    "memorysetup-typetree-allocator-block-size=2097152"
    "memorysetup-profiler-bucket-allocator-granularity=16"
    "memorysetup-profiler-bucket-allocator-bucket-count=8"
    "memorysetup-profiler-bucket-allocator-block-size=33554432"
    "memorysetup-profiler-bucket-allocator-block-count=8"
    "memorysetup-profiler-allocator-block-size=16777216"
    "memorysetup-profiler-editor-allocator-block-size=1048576"
    "memorysetup-temp-allocator-size-main=16777216"
    "memorysetup-job-temp-allocator-block-size=2097152"
    "memorysetup-job-temp-allocator-block-size-background=1048576"
    "memorysetup-job-temp-allocator-reduction-small-platforms=262144"
    "memorysetup-temp-allocator-size-background-worker=32768"
    "memorysetup-temp-allocator-size-job-worker=262144"
    "memorysetup-temp-allocator-size-preload-manager=33554432"
    "memorysetup-temp-allocator-size-nav-mesh-worker=65536"
    "memorysetup-temp-allocator-size-audio-worker=65536"
    "memorysetup-temp-allocator-size-cloud-worker=32768"
    "memorysetup-temp-allocator-size-gi-baking-worker=262144"
    "memorysetup-temp-allocator-size-gfx=262144"
Refreshing native plugins compatible for Editor in 178.50 ms, found 2 plugins.
Preloading 0 native plugins for Editor in 0.00 ms.
Initialize engine version: 2021.3.3f1 (af2e63e8f9bd)
[Subsystems] Discovering subsystems at path /Applications/Unity/Hub/Editor/2021.3.3f1/Unity.app/Contents/Resources/UnitySubsystems
[Subsystems] Discovering subsystems at path /Users/lixiyao/Desktop/UCL/0113 Virtual Environment/Golf_test/My project/Assets
GfxDevice: creating device client; threaded=0; jobified=0
 preferred device: Apple M1 (high power)
Metal devices available: 1
0: Apple M1 (high power)
Using device Apple M1 (high power)
Initializing Metal device caps: Apple M1
Initialize mono
Mono path[0] = '/Applications/Unity/Hub/Editor/2021.3.3f1/Unity.app/Contents/Managed'
Mono path[1] = '/Applications/Unity/Hub/Editor/2021.3.3f1/Unity.app/Contents/MonoBleedingEdge/lib/mono/unityjit-macos'
Mono config path = '/Applications/Unity/Hub/Editor/2021.3.3f1/Unity.app/Contents/MonoBleedingEdge/etc'
Using monoOptions --debugger-agent=transport=dt_socket,embedding=1,server=y,suspend=n,address=127.0.0.1:56694
Begin MonoManager ReloadAssembly
Registering precompiled unity dll's ...
Register platform support module: /Applications/Unity/Hub/Editor/2021.3.3f1/Unity.app/Contents/PlaybackEngines/MacStandaloneSupport/UnityEditor.OSXStandalone.Extensions.dll
Registered in 0.001801 seconds.
Native extension for OSXStandalone target not found
Refreshing native plugins compatible for Editor in 100.41 ms, found 2 plugins.
Preloading 0 native plugins for Editor in 0.00 ms.
Mono: successfully reloaded assembly
- Completed reload, in  0.537 seconds
Domain Reload Profiling:
	ReloadAssembly (537ms)
		BeginReloadAssembly (80ms)
			ExecutionOrderSort (0ms)
			DisableScriptedObjects (0ms)
			BackupInstance (0ms)
			ReleaseScriptingObjects (0ms)
			CreateAndSetChildDomain (1ms)
		EndReloadAssembly (368ms)
			LoadAssemblies (80ms)
			RebuildTransferFunctionScriptingTraits (1ms)
			SetupTypeCache (82ms)
			ReleaseScriptCaches (0ms)
			RebuildScriptCaches (24ms)
			SetupLoadedEditorAssemblies (227ms)
				LogAssemblyErrors (0ms)
				InitializePlatformSupportModulesInManaged (4ms)
				SetLoadedEditorAssemblies (0ms)
				RefreshPlugins (100ms)
				BeforeProcessingInitializeOnLoad (1ms)
				ProcessInitializeOnLoadAttributes (92ms)
				ProcessInitializeOnLoadMethodAttributes (29ms)
				AfterProcessingInitializeOnLoad (0ms)
				EditorAssembliesLoaded (0ms)
			ExecutionOrderSort2 (0ms)
			AwakeInstancesAfterBackupRestoration (0ms)
Platform modules already initialized, skipping
Registering precompiled user dll's ...
Registered in 0.011913 seconds.
Begin MonoManager ReloadAssembly
Symbol file LoadedFromMemory doesn't match image /Users/lixiyao/Desktop/UCL/0113 Virtual Environment/Golf_test/My project/Library/PackageCache/com.unity.visualscripting@1.7.8/Editor/VisualScripting.Core/Dependencies/YamlDotNet/Unity.VisualScripting.YamlDotNet.dll
Symbol file LoadedFromMemory doesn't match image /Users/lixiyao/Desktop/UCL/0113 Virtual Environment/Golf_test/My project/Library/PackageCache/com.unity.visualscripting@1.7.8/Editor/VisualScripting.Core/Dependencies/DotNetZip/Unity.VisualScripting.IonicZip.dll
Native extension for OSXStandalone target not found
Refreshing native plugins compatible for Editor in 0.77 ms, found 2 plugins.
Preloading 0 native plugins for Editor in 0.00 ms.
Package Manager log level set to [2]
Mono: successfully reloaded assembly
- Completed reload, in  0.818 seconds
Domain Reload Profiling:
	ReloadAssembly (818ms)
		BeginReloadAssembly (58ms)
			ExecutionOrderSort (0ms)
			DisableScriptedObjects (4ms)
			BackupInstance (0ms)
			ReleaseScriptingObjects (0ms)
			CreateAndSetChildDomain (14ms)
		EndReloadAssembly (679ms)
			LoadAssemblies (81ms)
			RebuildTransferFunctionScriptingTraits (0ms)
			SetupTypeCache (234ms)
			ReleaseScriptCaches (1ms)
			RebuildScriptCaches (42ms)
			SetupLoadedEditorAssemblies (279ms)
				LogAssemblyErrors (0ms)
				InitializePlatformSupportModulesInManaged (3ms)
				SetLoadedEditorAssemblies (0ms)
				RefreshPlugins (1ms)
				BeforeProcessingInitializeOnLoad (80ms)
				ProcessInitializeOnLoadAttributes (172ms)
				ProcessInitializeOnLoadMethodAttributes (22ms)
				AfterProcessingInitializeOnLoad (2ms)
				EditorAssembliesLoaded (0ms)
			ExecutionOrderSort2 (0ms)
			AwakeInstancesAfterBackupRestoration (4ms)
Platform modules already initialized, skipping
========================================================================
Worker process is ready to serve import requests
Launching external process: /Applications/Unity/Hub/Editor/2021.3.3f1/Unity.app/Contents/Tools/UnityShaderCompiler
Launched and connected shader compiler UnityShaderCompiler after 0.21 seconds
Refreshing native plugins compatible for Editor in 0.65 ms, found 2 plugins.
Preloading 0 native plugins for Editor in 0.00 ms.
Unloading 3600 Unused Serialized files (Serialized files now loaded: 0)
Unloading 40 unused Assets / (84.0 KB). Loaded Objects now: 4047.
Memory consumption went from 118.5 MB to 118.4 MB.
Total: 8.256583 ms (FindLiveObjects: 0.165125 ms CreateObjectMapping: 0.051959 ms MarkObjects: 7.908125 ms  DeleteObjects: 0.130333 ms)

AssetImportParameters requested are different than current active one (requested -> active):
  custom:video-decoder-ogg-theora: a1e56fd34408186e4bbccfd4996cb3dc -> 
  custom:container-muxer-webm: aa71ff27fc2769a1b78a27578f13a17b -> 
  custom:container-demuxer-webm: 4f35f7cbe854078d1ac9338744f61a02 -> 
  custom:video-encoder-webm-vp8: eb34c28f22e8b96e1ab97ce403110664 -> 
  custom:framework-osx-AVFoundation: e770b220cccbd017edd2c1fefb359320 -> 
  custom:audio-encoder-webm-vorbis: bf7c407c2cedff20999df2af8eb42d56 -> 
  custom:container-demuxer-ogg: 62fdf1f143b41e24485cea50d1cbac27 -> 
  custom:video-decoder-webm-vp8: 9c59270c3fd7afecdb556c50c9e8de78 -> 
  custom:audio-decoder-ogg-vorbis: bf7c407c2cedff20999df2af8eb42d56 -> 
========================================================================
Received Prepare
Registering precompiled user dll's ...
Registered in 0.003643 seconds.
Begin MonoManager ReloadAssembly
Thread 0x17514f000 may have been prematurely finalized
Symbol file LoadedFromMemory doesn't match image /Users/lixiyao/Desktop/UCL/0113 Virtual Environment/Golf_test/My project/Library/PackageCache/com.unity.visualscripting@1.7.8/Editor/VisualScripting.Core/Dependencies/YamlDotNet/Unity.VisualScripting.YamlDotNet.dll
Symbol file LoadedFromMemory doesn't match image /Users/lixiyao/Desktop/UCL/0113 Virtual Environment/Golf_test/My project/Library/PackageCache/com.unity.visualscripting@1.7.8/Editor/VisualScripting.Core/Dependencies/DotNetZip/Unity.VisualScripting.IonicZip.dll
Native extension for OSXStandalone target not found
Refreshing native plugins compatible for Editor in 0.59 ms, found 2 plugins.
Preloading 0 native plugins for Editor in 0.00 ms.
Mono: successfully reloaded assembly
- Completed reload, in  0.888 seconds
Domain Reload Profiling:
	ReloadAssembly (889ms)
		BeginReloadAssembly (110ms)
			ExecutionOrderSort (0ms)
			DisableScriptedObjects (5ms)
			BackupInstance (0ms)
			ReleaseScriptingObjects (0ms)
			CreateAndSetChildDomain (47ms)
		EndReloadAssembly (707ms)
			LoadAssemblies (56ms)
			RebuildTransferFunctionScriptingTraits (0ms)
			SetupTypeCache (269ms)
			ReleaseScriptCaches (1ms)
			RebuildScriptCaches (42ms)
			SetupLoadedEditorAssemblies (291ms)
				LogAssemblyErrors (0ms)
				InitializePlatformSupportModulesInManaged (8ms)
				SetLoadedEditorAssemblies (1ms)
				RefreshPlugins (1ms)
				BeforeProcessingInitializeOnLoad (70ms)
				ProcessInitializeOnLoadAttributes (185ms)
				ProcessInitializeOnLoadMethodAttributes (24ms)
				AfterProcessingInitializeOnLoad (2ms)
				EditorAssembliesLoaded (0ms)
			ExecutionOrderSort2 (0ms)
			AwakeInstancesAfterBackupRestoration (4ms)
Platform modules already initialized, skipping
Refreshing native plugins compatible for Editor in 1.70 ms, found 2 plugins.
Preloading 0 native plugins for Editor in 0.00 ms.
Unloading 3582 Unused Serialized files (Serialized files now loaded: 0)
Unloading 32 unused Assets / (64.0 KB). Loaded Objects now: 4051.
Memory consumption went from 121.3 MB to 121.3 MB.
Total: 3.414375 ms (FindLiveObjects: 0.168083 ms CreateObjectMapping: 0.073125 ms MarkObjects: 3.076042 ms  DeleteObjects: 0.096375 ms)

AssetImportParameters requested are different than current active one (requested -> active):
  custom:video-decoder-ogg-theora: a1e56fd34408186e4bbccfd4996cb3dc -> 
  custom:container-muxer-webm: aa71ff27fc2769a1b78a27578f13a17b -> 
  custom:container-demuxer-webm: 4f35f7cbe854078d1ac9338744f61a02 -> 
  custom:video-encoder-webm-vp8: eb34c28f22e8b96e1ab97ce403110664 -> 
  custom:framework-osx-AVFoundation: e770b220cccbd017edd2c1fefb359320 -> 
  custom:audio-encoder-webm-vorbis: bf7c407c2cedff20999df2af8eb42d56 -> 
  custom:container-demuxer-ogg: 62fdf1f143b41e24485cea50d1cbac27 -> 
  custom:video-decoder-webm-vp8: 9c59270c3fd7afecdb556c50c9e8de78 -> 
  custom:audio-decoder-ogg-vorbis: bf7c407c2cedff20999df2af8eb42d56 -> 
========================================================================
Received Import Request.
  Time since last request: 2307192.316593 seconds.
  path: Assets/Models/Mini Golf/ball_green.fbx
  artifactKey: Guid(7f32bff93dfb548e683e8b3393c76ed1) Importer(815301076,1909f56bfc062723c751e8b465ee728b)
Start importing Assets/Models/Mini Golf/ball_green.fbx using Guid(7f32bff93dfb548e683e8b3393c76ed1) Importer(815301076,1909f56bfc062723c751e8b465ee728b)  -> (artifact id: 'c9b1323acc52107d4def0a690dcb1f60') in 1.139936 seconds 
========================================================================
Received Import Request.
  Time since last request: 0.000058 seconds.
  path: Assets/Models/Mini Golf/club_green.fbx
  artifactKey: Guid(b6b98054aceeb4bd2a1848320f85ad24) Importer(815301076,1909f56bfc062723c751e8b465ee728b)
Start importing Assets/Models/Mini Golf/club_green.fbx using Guid(b6b98054aceeb4bd2a1848320f85ad24) Importer(815301076,1909f56bfc062723c751e8b465ee728b)  -> (artifact id: 'c5869c3d733f3b217cdf1db1739ce927') in 0.035785 seconds 
========================================================================
Received Import Request.
  Time since last request: 0.000174 seconds.
  path: Assets/Models/Mini Golf/bump.fbx
  artifactKey: Guid(eaa49e6bad25b4ee18bd21f490be65b2) Importer(815301076,1909f56bfc062723c751e8b465ee728b)
Start importing Assets/Models/Mini Golf/bump.fbx using Guid(eaa49e6bad25b4ee18bd21f490be65b2) Importer(815301076,1909f56bfc062723c751e8b465ee728b)  -> (artifact id: '110713551db7c59a747aaf7c882db858') in 0.026955 seconds 
========================================================================
Received Import Request.
  Time since last request: 0.000056 seconds.
  path: Assets/Models/Mini Golf/holeSquare.fbx
  artifactKey: Guid(97b3ac772324342ffa0f5e07e6f6dd1b) Importer(815301076,1909f56bfc062723c751e8b465ee728b)
Start importing Assets/Models/Mini Golf/holeSquare.fbx using Guid(97b3ac772324342ffa0f5e07e6f6dd1b) Importer(815301076,1909f56bfc062723c751e8b465ee728b)  -> (artifact id: 'c99aebb6c19c40fcf91e6108dd8663db') in 0.031850 seconds 
========================================================================
Received Import Request.
  Time since last request: 0.000121 seconds.
  path: Assets/Models/Mini Golf/castle.fbx
  artifactKey: Guid(11ba3f56ca1154b758c6663beb56d6d4) Importer(815301076,1909f56bfc062723c751e8b465ee728b)
Start importing Assets/Models/Mini Golf/castle.fbx using Guid(11ba3f56ca1154b758c6663beb56d6d4) Importer(815301076,1909f56bfc062723c751e8b465ee728b)  -> (artifact id: '10108ff27404e006da323938ede87957') in 0.023295 seconds 
========================================================================
Received Import Request.
  Time since last request: 0.000043 seconds.
  path: Assets/Models/Mini Golf/rampA.fbx
  artifactKey: Guid(9d99909e3cb93449ebb67e9bd1667b0b) Importer(815301076,1909f56bfc062723c751e8b465ee728b)
Start importing Assets/Models/Mini Golf/rampA.fbx using Guid(9d99909e3cb93449ebb67e9bd1667b0b) Importer(815301076,1909f56bfc062723c751e8b465ee728b)  -> (artifact id: 'f61b9267d8c9ffe44e287a73242bfbcd') in 0.020297 seconds 
========================================================================
Received Import Request.
  Time since last request: 0.000091 seconds.
  path: Assets/Models/Mini Golf/flag_green.fbx
  artifactKey: Guid(f53bb2cfa0b64445891781fd9e938786) Importer(815301076,1909f56bfc062723c751e8b465ee728b)
Start importing Assets/Models/Mini Golf/flag_green.fbx using Guid(f53bb2cfa0b64445891781fd9e938786) Importer(815301076,1909f56bfc062723c751e8b465ee728b)  -> (artifact id: '9fc7ba5912fcaea982745cbf1eae11c7') in 0.021166 seconds 
========================================================================
Received Import Request.
  Time since last request: 0.000074 seconds.
  path: Assets/Models/Mini Golf/end.fbx
  artifactKey: Guid(e3e848458c4f14b0681dbfb67bf17c4b) Importer(815301076,1909f56bfc062723c751e8b465ee728b)
Start importing Assets/Models/Mini Golf/end.fbx using Guid(e3e848458c4f14b0681dbfb67bf17c4b) Importer(815301076,1909f56bfc062723c751e8b465ee728b)  -> (artifact id: 'cd13b2f1c2d9337106b8daaf9cdb6790') in 0.020363 seconds 
========================================================================
Received Import Request.
  Time since last request: 0.000058 seconds.
  path: Assets/Models/Mini Golf/rampC.fbx
  artifactKey: Guid(db134d86ab60647519c034eddb8e7a74) Importer(815301076,1909f56bfc062723c751e8b465ee728b)
Start importing Assets/Models/Mini Golf/rampC.fbx using Guid(db134d86ab60647519c034eddb8e7a74) Importer(815301076,1909f56bfc062723c751e8b465ee728b)  -> (artifact id: '1e4237f95cb7de7bce9bb95357019e0d') in 0.019754 seconds 
========================================================================
Received Import Request.
  Time since last request: 0.000249 seconds.
  path: Assets/Models/Mini Golf/holeOpen.fbx
  artifactKey: Guid(a9ad864c65ec044bbbfc3cec16c45f40) Importer(815301076,1909f56bfc062723c751e8b465ee728b)
Start importing Assets/Models/Mini Golf/holeOpen.fbx using Guid(a9ad864c65ec044bbbfc3cec16c45f40) Importer(815301076,1909f56bfc062723c751e8b465ee728b)  -> (artifact id: 'a353e67bedb5522ca1cc5bb46441bc5e') in 0.025441 seconds 
========================================================================
Received Import Request.
  Time since last request: 0.000063 seconds.
  path: Assets/Models/Mini Golf/ball_red.fbx
  artifactKey: Guid(5f8b847e90fd74b51be8a020fb3e3c44) Importer(815301076,1909f56bfc062723c751e8b465ee728b)
Start importing Assets/Models/Mini Golf/ball_red.fbx using Guid(5f8b847e90fd74b51be8a020fb3e3c44) Importer(815301076,1909f56bfc062723c751e8b465ee728b)  -> (artifact id: '361c22a29c5abe8037aab2c8ae372bfa') in 0.018939 seconds 
========================================================================
Received Import Request.
  Time since last request: 0.000049 seconds.
  path: Assets/Models/Mini Golf/obstacleBlock.fbx
  artifactKey: Guid(bbb5b21fc056643d0bb40e831e5e9436) Importer(815301076,1909f56bfc062723c751e8b465ee728b)
Start importing Assets/Models/Mini Golf/obstacleBlock.fbx using Guid(bbb5b21fc056643d0bb40e831e5e9436) Importer(815301076,1909f56bfc062723c751e8b465ee728b)  -> (artifact id: '8b38f48d19ca353fdcbca34008341ec7') in 0.018068 seconds 
========================================================================
Received Import Request.
  Time since last request: 0.000040 seconds.
  path: Assets/Models/Mini Golf/club_red.fbx
  artifactKey: Guid(1e64a2c5e2db147419b5ea752d09c209) Importer(815301076,1909f56bfc062723c751e8b465ee728b)
Start importing Assets/Models/Mini Golf/club_red.fbx using Guid(1e64a2c5e2db147419b5ea752d09c209) Importer(815301076,1909f56bfc062723c751e8b465ee728b)  -> (artifact id: 'acc7b95b881fc3d350819458d31ff5ff') in 0.024521 seconds 
========================================================================
Received Import Request.
  Time since last request: 0.000054 seconds.
  path: Assets/Models/Mini Golf/block.fbx
  artifactKey: Guid(47f4b5f7f8f5343afb53f4236592b376) Importer(815301076,1909f56bfc062723c751e8b465ee728b)
Start importing Assets/Models/Mini Golf/block.fbx using Guid(47f4b5f7f8f5343afb53f4236592b376) Importer(815301076,1909f56bfc062723c751e8b465ee728b)  -> (artifact id: '5a8c3010afecad38e221c38304901539') in 0.013712 seconds 
========================================================================
Received Import Request.
  Time since last request: 0.000133 seconds.
  path: Assets/Models/Mini Golf/gap.fbx
  artifactKey: Guid(c1b15e2902954479e82be45716786940) Importer(815301076,1909f56bfc062723c751e8b465ee728b)
Start importing Assets/Models/Mini Golf/gap.fbx using Guid(c1b15e2902954479e82be45716786940) Importer(815301076,1909f56bfc062723c751e8b465ee728b)  -> (artifact id: 'f6f0d893b9651b042421b8c19f1283d6') in 0.022107 seconds 
========================================================================
Received Import Request.
  Time since last request: 0.000058 seconds.
  path: Assets/Models/Mini Golf/rampLargeSide.fbx
  artifactKey: Guid(5d8e2920b5d18437eafcad3b85615bae) Importer(815301076,1909f56bfc062723c751e8b465ee728b)
Start importing Assets/Models/Mini Golf/rampLargeSide.fbx using Guid(5d8e2920b5d18437eafcad3b85615bae) Importer(815301076,1909f56bfc062723c751e8b465ee728b)  -> (artifact id: '483bb7f3e7f12dae75423c35a789e590') in 0.020337 seconds 
========================================================================
Received Import Request.
  Time since last request: 0.000073 seconds.
  path: Assets/Models/Mini Golf/narrowBlock.fbx
  artifactKey: Guid(a7f6a42797275481e8bf6a307dd22ef9) Importer(815301076,1909f56bfc062723c751e8b465ee728b)
Start importing Assets/Models/Mini Golf/narrowBlock.fbx using Guid(a7f6a42797275481e8bf6a307dd22ef9) Importer(815301076,1909f56bfc062723c751e8b465ee728b)  -> (artifact id: 'a7d1b3b58f5946fcf1b25aaeaae60cea') in 0.019047 seconds 
========================================================================
Received Import Request.
  Time since last request: 0.001918 seconds.
  path: Assets/Models/Mini Golf/club_blue.fbx
  artifactKey: Guid(b8ef325c6e38141f3aee934d38166f63) Importer(815301076,1909f56bfc062723c751e8b465ee728b)
Start importing Assets/Models/Mini Golf/club_blue.fbx using Guid(b8ef325c6e38141f3aee934d38166f63) Importer(815301076,1909f56bfc062723c751e8b465ee728b)  -> (artifact id: '46e414a65e983ab007a17f7fc11f80db') in 0.027196 seconds 
========================================================================
Received Import Request.
  Time since last request: 0.000071 seconds.
  path: Assets/Models/Mini Golf/hillRound.fbx
  artifactKey: Guid(9e6d719489802466db0d21c26d5dbe32) Importer(815301076,1909f56bfc062723c751e8b465ee728b)
Start importing Assets/Models/Mini Golf/hillRound.fbx using Guid(9e6d719489802466db0d21c26d5dbe32) Importer(815301076,1909f56bfc062723c751e8b465ee728b)  -> (artifact id: '7f871815681629c9f34850473622ec8e') in 0.020524 seconds 
========================================================================
Received Import Request.
  Time since last request: 0.000063 seconds.
  path: Assets/Models/Mini Golf/corner.fbx
  artifactKey: Guid(f367c9c605ad64fa79d665468bc17fdd) Importer(815301076,1909f56bfc062723c751e8b465ee728b)
Start importing Assets/Models/Mini Golf/corner.fbx using Guid(f367c9c605ad64fa79d665468bc17fdd) Importer(815301076,1909f56bfc062723c751e8b465ee728b)  -> (artifact id: '3ac351afd4b6907092cdcd47d776df0e') in 0.018396 seconds 
========================================================================
Received Import Request.
  Time since last request: 23.653647 seconds.
  path: Assets/Models/Mini Golf/rampSquare.fbx
  artifactKey: Guid(c5c98ff4e26b34f10a4c69f96eca2237) Importer(815301076,1909f56bfc062723c751e8b465ee728b)
Start importing Assets/Models/Mini Golf/rampSquare.fbx using Guid(c5c98ff4e26b34f10a4c69f96eca2237) Importer(815301076,1909f56bfc062723c751e8b465ee728b)  -> (artifact id: '034b760d2224ead0a38ec4879fa07293') in 0.064551 seconds 
========================================================================
Received Import Request.
  Time since last request: 0.000105 seconds.
  path: Assets/Models/Mini Golf/roundCornerC.fbx
  artifactKey: Guid(185c82e98cbd543a6a236c7ececef977) Importer(815301076,1909f56bfc062723c751e8b465ee728b)
Start importing Assets/Models/Mini Golf/roundCornerC.fbx using Guid(185c82e98cbd543a6a236c7ececef977) Importer(815301076,1909f56bfc062723c751e8b465ee728b)  -> (artifact id: '700328a1f493fc3ba17ae102526eeda5') in 0.016061 seconds 
========================================================================
Received Import Request.
  Time since last request: 0.000041 seconds.
  path: Assets/Models/Mini Golf/skewCorner.fbx
  artifactKey: Guid(bbe5a644b1f724d0db6bfb6ced87b8f0) Importer(815301076,1909f56bfc062723c751e8b465ee728b)
Start importing Assets/Models/Mini Golf/skewCorner.fbx using Guid(bbe5a644b1f724d0db6bfb6ced87b8f0) Importer(815301076,1909f56bfc062723c751e8b465ee728b)  -> (artifact id: '8afd7bdf6a6a8b6f34727a98334e2e60') in 0.015761 seconds 
========================================================================
Received Import Request.
  Time since last request: 0.000046 seconds.
  path: Assets/Models/Mini Golf/roundLargeCornerOpen.fbx
  artifactKey: Guid(abac0e065c6a54b629a295b939894d05) Importer(815301076,1909f56bfc062723c751e8b465ee728b)
Start importing Assets/Models/Mini Golf/roundLargeCornerOpen.fbx using Guid(abac0e065c6a54b629a295b939894d05) Importer(815301076,1909f56bfc062723c751e8b465ee728b)  -> (artifact id: '20da14e2307b5338b23508808f80e161') in 0.016111 seconds 
========================================================================
Received Import Request.
  Time since last request: 0.000094 seconds.
  path: Assets/Models/Mini Golf/roundCornerA.fbx
  artifactKey: Guid(a3a9e42925e1449e788855ec17607256) Importer(815301076,1909f56bfc062723c751e8b465ee728b)
Start importing Assets/Models/Mini Golf/roundCornerA.fbx using Guid(a3a9e42925e1449e788855ec17607256) Importer(815301076,1909f56bfc062723c751e8b465ee728b)  -> (artifact id: '510b7f1590ee964fa5727d253e70bfac') in 0.029795 seconds 
========================================================================
Received Import Request.
  Time since last request: 0.477467 seconds.
  path: Assets/Models/Mini Golf/split.fbx
  artifactKey: Guid(be6165b2965f942fbb025f244d854b31) Importer(815301076,1909f56bfc062723c751e8b465ee728b)
Start importing Assets/Models/Mini Golf/split.fbx using Guid(be6165b2965f942fbb025f244d854b31) Importer(815301076,1909f56bfc062723c751e8b465ee728b)  -> (artifact id: '41543a131c5d486949c3c8d7cac3adc2') in 0.022064 seconds 
========================================================================
Received Import Request.
  Time since last request: 0.000034 seconds.
  path: Assets/Models/Mini Golf/splitT.fbx
  artifactKey: Guid(026c8309bf44b4fd3b28c5e7541f009a) Importer(815301076,1909f56bfc062723c751e8b465ee728b)
Start importing Assets/Models/Mini Golf/splitT.fbx using Guid(026c8309bf44b4fd3b28c5e7541f009a) Importer(815301076,1909f56bfc062723c751e8b465ee728b)  -> (artifact id: '63d4d7d1a0d1f65b9bce8c34b22f4fa9') in 0.014593 seconds 
========================================================================
Received Import Request.
  Time since last request: 0.000035 seconds.
  path: Assets/Models/Mini Golf/start.fbx
  artifactKey: Guid(310414e97cde141dab0e389240a299d2) Importer(815301076,1909f56bfc062723c751e8b465ee728b)
Start importing Assets/Models/Mini Golf/start.fbx using Guid(310414e97cde141dab0e389240a299d2) Importer(815301076,1909f56bfc062723c751e8b465ee728b)  -> (artifact id: '7d6120450cc6aacb2401bc2a78508d78') in 0.015249 seconds 
========================================================================
Received Import Request.
  Time since last request: 0.000042 seconds.
  path: Assets/Models/Mini Golf/support.fbx
  artifactKey: Guid(6a7247a449b8a44f9ba41c724a90d3df) Importer(815301076,1909f56bfc062723c751e8b465ee728b)
Start importing Assets/Models/Mini Golf/support.fbx using Guid(6a7247a449b8a44f9ba41c724a90d3df) Importer(815301076,1909f56bfc062723c751e8b465ee728b)  -> (artifact id: 'f0b7864d502390b54dae825657894469') in 0.011654 seconds 
========================================================================
Received Import Request.
  Time since last request: 0.000061 seconds.
  path: Assets/Models/Mini Golf/straight.fbx
  artifactKey: Guid(44efa3336ce9248b2a7075896100a256) Importer(815301076,1909f56bfc062723c751e8b465ee728b)
Start importing Assets/Models/Mini Golf/straight.fbx using Guid(44efa3336ce9248b2a7075896100a256) Importer(815301076,1909f56bfc062723c751e8b465ee728b)  -> (artifact id: '525297def4121aff6325dd4e66299766') in 0.017727 seconds 
========================================================================
Received Import Request.
  Time since last request: 2.715006 seconds.
  path: Assets/Models/Mini Golf/supports_bottom.fbx
  artifactKey: Guid(43fa7df34a24e40d492600d0a9dce36b) Importer(815301076,1909f56bfc062723c751e8b465ee728b)
Start importing Assets/Models/Mini Golf/supports_bottom.fbx using Guid(43fa7df34a24e40d492600d0a9dce36b) Importer(815301076,1909f56bfc062723c751e8b465ee728b)  -> (artifact id: 'c21aed07a1db094d1052fce8ab68f6bd') in 0.012753 seconds 
========================================================================
Received Import Request.
  Time since last request: 0.000046 seconds.
  path: Assets/Models/Mini Golf/tunnelDouble.fbx
  artifactKey: Guid(de8e69ee40e254eeebc8069c769b16ec) Importer(815301076,1909f56bfc062723c751e8b465ee728b)
Start importing Assets/Models/Mini Golf/tunnelDouble.fbx using Guid(de8e69ee40e254eeebc8069c769b16ec) Importer(815301076,1909f56bfc062723c751e8b465ee728b)  -> (artifact id: '65e8ccc5893c57d6deece016b3984627') in 0.021817 seconds 
========================================================================
Received Import Request.
  Time since last request: 0.000046 seconds.
  path: Assets/Models/Mini Golf/tunnelNarrow.fbx
  artifactKey: Guid(15144d8fddd474c26ac3b3b1dba70da8) Importer(815301076,1909f56bfc062723c751e8b465ee728b)
Start importing Assets/Models/Mini Golf/tunnelNarrow.fbx using Guid(15144d8fddd474c26ac3b3b1dba70da8) Importer(815301076,1909f56bfc062723c751e8b465ee728b)  -> (artifact id: '78c5391a7c6d469c544f8c9f9ec60790') in 0.020246 seconds 
========================================================================
Received Import Request.
  Time since last request: 0.000050 seconds.
  path: Assets/Models/Mini Golf/windmill.fbx
  artifactKey: Guid(4b42f1367c3da4d6d95b9ccaed5f542e) Importer(815301076,1909f56bfc062723c751e8b465ee728b)
Start importing Assets/Models/Mini Golf/windmill.fbx using Guid(4b42f1367c3da4d6d95b9ccaed5f542e) Importer(815301076,1909f56bfc062723c751e8b465ee728b)  -> (artifact id: '1f6d0bc6afa2454d4b2d05b4e9e355eb') in 0.029030 seconds 
========================================================================
Received Prepare
Registering precompiled user dll's ...
Registered in 0.005194 seconds.
Begin MonoManager ReloadAssembly
Thread 0x17514f000 may have been prematurely finalized
Symbol file LoadedFromMemory doesn't match image /Users/lixiyao/Desktop/UCL/0113 Virtual Environment/Golf_test/My project/Library/PackageCache/com.unity.visualscripting@1.7.8/Editor/VisualScripting.Core/Dependencies/YamlDotNet/Unity.VisualScripting.YamlDotNet.dll
Symbol file LoadedFromMemory doesn't match image /Users/lixiyao/Desktop/UCL/0113 Virtual Environment/Golf_test/My project/Library/PackageCache/com.unity.visualscripting@1.7.8/Editor/VisualScripting.Core/Dependencies/DotNetZip/Unity.VisualScripting.IonicZip.dll
Native extension for OSXStandalone target not found
Refreshing native plugins compatible for Editor in 2.28 ms, found 2 plugins.
Preloading 0 native plugins for Editor in 0.00 ms.
Mono: successfully reloaded assembly
- Completed reload, in  1.442 seconds
Domain Reload Profiling:
	ReloadAssembly (1444ms)
		BeginReloadAssembly (180ms)
			ExecutionOrderSort (0ms)
			DisableScriptedObjects (7ms)
			BackupInstance (0ms)
			ReleaseScriptingObjects (0ms)
			CreateAndSetChildDomain (64ms)
		EndReloadAssembly (1141ms)
			LoadAssemblies (85ms)
			RebuildTransferFunctionScriptingTraits (0ms)
			SetupTypeCache (392ms)
			ReleaseScriptCaches (4ms)
			RebuildScriptCaches (70ms)
			SetupLoadedEditorAssemblies (508ms)
				LogAssemblyErrors (0ms)
				InitializePlatformSupportModulesInManaged (13ms)
				SetLoadedEditorAssemblies (1ms)
				RefreshPlugins (2ms)
				BeforeProcessingInitializeOnLoad (124ms)
				ProcessInitializeOnLoadAttributes (326ms)
				ProcessInitializeOnLoadMethodAttributes (38ms)
				AfterProcessingInitializeOnLoad (4ms)
				EditorAssembliesLoaded (0ms)
			ExecutionOrderSort2 (0ms)
			AwakeInstancesAfterBackupRestoration (7ms)
Platform modules already initialized, skipping
Refreshing native plugins compatible for Editor in 3.26 ms, found 2 plugins.
Preloading 0 native plugins for Editor in 0.00 ms.
Unloading 3582 Unused Serialized files (Serialized files now loaded: 0)
Unloading 32 unused Assets / (65.0 KB). Loaded Objects now: 4097.
Memory consumption went from 207.5 MB to 207.4 MB.
Total: 6.884458 ms (FindLiveObjects: 0.399292 ms CreateObjectMapping: 0.163500 ms MarkObjects: 6.191458 ms  DeleteObjects: 0.129125 ms)

AssetImportParameters requested are different than current active one (requested -> active):
  custom:video-decoder-ogg-theora: a1e56fd34408186e4bbccfd4996cb3dc -> 
  custom:container-muxer-webm: aa71ff27fc2769a1b78a27578f13a17b -> 
  custom:container-demuxer-webm: 4f35f7cbe854078d1ac9338744f61a02 -> 
  custom:video-encoder-webm-vp8: eb34c28f22e8b96e1ab97ce403110664 -> 
  custom:framework-osx-AVFoundation: e770b220cccbd017edd2c1fefb359320 -> 
  custom:audio-encoder-webm-vorbis: bf7c407c2cedff20999df2af8eb42d56 -> 
  custom:container-demuxer-ogg: 62fdf1f143b41e24485cea50d1cbac27 -> 
  custom:video-decoder-webm-vp8: 9c59270c3fd7afecdb556c50c9e8de78 -> 
  custom:audio-decoder-ogg-vorbis: bf7c407c2cedff20999df2af8eb42d56 -> 
========================================================================
Received Prepare
Registering precompiled user dll's ...
Registered in 0.006181 seconds.
Begin MonoManager ReloadAssembly
Thread 0x17007b000 may have been prematurely finalized
Symbol file LoadedFromMemory doesn't match image /Users/lixiyao/Desktop/UCL/0113 Virtual Environment/Golf_test/My project/Library/PackageCache/com.unity.visualscripting@1.7.8/Editor/VisualScripting.Core/Dependencies/YamlDotNet/Unity.VisualScripting.YamlDotNet.dll
Symbol file LoadedFromMemory doesn't match image /Users/lixiyao/Desktop/UCL/0113 Virtual Environment/Golf_test/My project/Library/PackageCache/com.unity.visualscripting@1.7.8/Editor/VisualScripting.Core/Dependencies/DotNetZip/Unity.VisualScripting.IonicZip.dll
Native extension for OSXStandalone target not found
Refreshing native plugins compatible for Editor in 0.89 ms, found 2 plugins.
Preloading 0 native plugins for Editor in 0.00 ms.
Mono: successfully reloaded assembly
- Completed reload, in  1.396 seconds
Domain Reload Profiling:
	ReloadAssembly (1397ms)
		BeginReloadAssembly (153ms)
			ExecutionOrderSort (0ms)
			DisableScriptedObjects (5ms)
			BackupInstance (0ms)
			ReleaseScriptingObjects (0ms)
			CreateAndSetChildDomain (53ms)
		EndReloadAssembly (1140ms)
			LoadAssemblies (75ms)
			RebuildTransferFunctionScriptingTraits (0ms)
			SetupTypeCache (411ms)
			ReleaseScriptCaches (2ms)
			RebuildScriptCaches (70ms)
			SetupLoadedEditorAssemblies (495ms)
				LogAssemblyErrors (0ms)
				InitializePlatformSupportModulesInManaged (14ms)
				SetLoadedEditorAssemblies (1ms)
				RefreshPlugins (1ms)
				BeforeProcessingInitializeOnLoad (120ms)
				ProcessInitializeOnLoadAttributes (317ms)
				ProcessInitializeOnLoadMethodAttributes (38ms)
				AfterProcessingInitializeOnLoad (4ms)
				EditorAssembliesLoaded (0ms)
			ExecutionOrderSort2 (0ms)
			AwakeInstancesAfterBackupRestoration (5ms)
Platform modules already initialized, skipping
Refreshing native plugins compatible for Editor in 3.05 ms, found 2 plugins.
Preloading 0 native plugins for Editor in 0.00 ms.
Unloading 3582 Unused Serialized files (Serialized files now loaded: 0)
Unloading 32 unused Assets / (63.8 KB). Loaded Objects now: 4101.
Memory consumption went from 211.7 MB to 211.6 MB.
Total: 5.746084 ms (FindLiveObjects: 0.301208 ms CreateObjectMapping: 0.119625 ms MarkObjects: 5.184458 ms  DeleteObjects: 0.139416 ms)

AssetImportParameters requested are different than current active one (requested -> active):
  custom:video-decoder-ogg-theora: a1e56fd34408186e4bbccfd4996cb3dc -> 
  custom:container-muxer-webm: aa71ff27fc2769a1b78a27578f13a17b -> 
  custom:container-demuxer-webm: 4f35f7cbe854078d1ac9338744f61a02 -> 
  custom:video-encoder-webm-vp8: eb34c28f22e8b96e1ab97ce403110664 -> 
  custom:framework-osx-AVFoundation: e770b220cccbd017edd2c1fefb359320 -> 
  custom:audio-encoder-webm-vorbis: bf7c407c2cedff20999df2af8eb42d56 -> 
  custom:container-demuxer-ogg: 62fdf1f143b41e24485cea50d1cbac27 -> 
  custom:video-decoder-webm-vp8: 9c59270c3fd7afecdb556c50c9e8de78 -> 
  custom:audio-decoder-ogg-vorbis: bf7c407c2cedff20999df2af8eb42d56 -> 
========================================================================
Received Prepare
Registering precompiled user dll's ...
Registered in 0.004802 seconds.
Begin MonoManager ReloadAssembly
Thread 0x16fb03000 may have been prematurely finalized
Symbol file LoadedFromMemory doesn't match image /Users/lixiyao/Desktop/UCL/0113 Virtual Environment/Golf_test/My project/Library/PackageCache/com.unity.visualscripting@1.7.8/Editor/VisualScripting.Core/Dependencies/YamlDotNet/Unity.VisualScripting.YamlDotNet.dll
Symbol file LoadedFromMemory doesn't match image /Users/lixiyao/Desktop/UCL/0113 Virtual Environment/Golf_test/My project/Library/PackageCache/com.unity.visualscripting@1.7.8/Editor/VisualScripting.Core/Dependencies/DotNetZip/Unity.VisualScripting.IonicZip.dll
Native extension for OSXStandalone target not found
Refreshing native plugins compatible for Editor in 1.00 ms, found 2 plugins.
Preloading 0 native plugins for Editor in 0.00 ms.
Mono: successfully reloaded assembly
- Completed reload, in  1.352 seconds
Domain Reload Profiling:
	ReloadAssembly (1353ms)
		BeginReloadAssembly (159ms)
			ExecutionOrderSort (0ms)
			DisableScriptedObjects (5ms)
			BackupInstance (0ms)
			ReleaseScriptingObjects (0ms)
			CreateAndSetChildDomain (71ms)
		EndReloadAssembly (1084ms)
			LoadAssemblies (93ms)
			RebuildTransferFunctionScriptingTraits (0ms)
			SetupTypeCache (376ms)
			ReleaseScriptCaches (3ms)
			RebuildScriptCaches (61ms)
			SetupLoadedEditorAssemblies (469ms)
				LogAssemblyErrors (0ms)
				InitializePlatformSupportModulesInManaged (12ms)
				SetLoadedEditorAssemblies (1ms)
				RefreshPlugins (1ms)
				BeforeProcessingInitializeOnLoad (109ms)
				ProcessInitializeOnLoadAttributes (301ms)
				ProcessInitializeOnLoadMethodAttributes (42ms)
				AfterProcessingInitializeOnLoad (3ms)
				EditorAssembliesLoaded (0ms)
			ExecutionOrderSort2 (0ms)
			AwakeInstancesAfterBackupRestoration (6ms)
Platform modules already initialized, skipping
Refreshing native plugins compatible for Editor in 2.61 ms, found 2 plugins.
Preloading 0 native plugins for Editor in 0.00 ms.
Unloading 3582 Unused Serialized files (Serialized files now loaded: 0)
Unloading 32 unused Assets / (63.9 KB). Loaded Objects now: 4105.
Memory consumption went from 215.9 MB to 215.8 MB.
Total: 6.033834 ms (FindLiveObjects: 0.283542 ms CreateObjectMapping: 0.131625 ms MarkObjects: 5.475000 ms  DeleteObjects: 0.142625 ms)

AssetImportParameters requested are different than current active one (requested -> active):
  custom:video-decoder-ogg-theora: a1e56fd34408186e4bbccfd4996cb3dc -> 
  custom:container-muxer-webm: aa71ff27fc2769a1b78a27578f13a17b -> 
  custom:container-demuxer-webm: 4f35f7cbe854078d1ac9338744f61a02 -> 
  custom:video-encoder-webm-vp8: eb34c28f22e8b96e1ab97ce403110664 -> 
  custom:framework-osx-AVFoundation: e770b220cccbd017edd2c1fefb359320 -> 
  custom:audio-encoder-webm-vorbis: bf7c407c2cedff20999df2af8eb42d56 -> 
  custom:container-demuxer-ogg: 62fdf1f143b41e24485cea50d1cbac27 -> 
  custom:video-decoder-webm-vp8: 9c59270c3fd7afecdb556c50c9e8de78 -> 
  custom:audio-decoder-ogg-vorbis: bf7c407c2cedff20999df2af8eb42d56 -> 
========================================================================
Received Prepare
Registering precompiled user dll's ...
Registered in 0.006167 seconds.
Begin MonoManager ReloadAssembly
Thread 0x16fb03000 may have been prematurely finalized
Symbol file LoadedFromMemory doesn't match image /Users/lixiyao/Desktop/UCL/0113 Virtual Environment/Golf_test/My project/Library/PackageCache/com.unity.visualscripting@1.7.8/Editor/VisualScripting.Core/Dependencies/YamlDotNet/Unity.VisualScripting.YamlDotNet.dll
Symbol file LoadedFromMemory doesn't match image /Users/lixiyao/Desktop/UCL/0113 Virtual Environment/Golf_test/My project/Library/PackageCache/com.unity.visualscripting@1.7.8/Editor/VisualScripting.Core/Dependencies/DotNetZip/Unity.VisualScripting.IonicZip.dll
Native extension for OSXStandalone target not found
Refreshing native plugins compatible for Editor in 2.03 ms, found 2 plugins.
Preloading 0 native plugins for Editor in 0.00 ms.
Mono: successfully reloaded assembly
- Completed reload, in  1.443 seconds
Domain Reload Profiling:
	ReloadAssembly (1444ms)
		BeginReloadAssembly (168ms)
			ExecutionOrderSort (0ms)
			DisableScriptedObjects (5ms)
			BackupInstance (0ms)
			ReleaseScriptingObjects (0ms)
			CreateAndSetChildDomain (53ms)
		EndReloadAssembly (1161ms)
			LoadAssemblies (102ms)
			RebuildTransferFunctionScriptingTraits (0ms)
			SetupTypeCache (416ms)
			ReleaseScriptCaches (8ms)
			RebuildScriptCaches (70ms)
			SetupLoadedEditorAssemblies (495ms)
				LogAssemblyErrors (0ms)
				InitializePlatformSupportModulesInManaged (13ms)
				SetLoadedEditorAssemblies (1ms)
				RefreshPlugins (2ms)
				BeforeProcessingInitializeOnLoad (122ms)
				ProcessInitializeOnLoadAttributes (316ms)
				ProcessInitializeOnLoadMethodAttributes (38ms)
				AfterProcessingInitializeOnLoad (4ms)
				EditorAssembliesLoaded (0ms)
			ExecutionOrderSort2 (0ms)
			AwakeInstancesAfterBackupRestoration (6ms)
Platform modules already initialized, skipping
Refreshing native plugins compatible for Editor in 3.05 ms, found 2 plugins.
Preloading 0 native plugins for Editor in 0.00 ms.
Unloading 3582 Unused Serialized files (Serialized files now loaded: 0)
Unloading 32 unused Assets / (63.8 KB). Loaded Objects now: 4109.
Memory consumption went from 220.1 MB to 220.1 MB.
Total: 8.461875 ms (FindLiveObjects: 0.343833 ms CreateObjectMapping: 0.219208 ms MarkObjects: 7.715583 ms  DeleteObjects: 0.181708 ms)

AssetImportParameters requested are different than current active one (requested -> active):
  custom:video-decoder-ogg-theora: a1e56fd34408186e4bbccfd4996cb3dc -> 
  custom:container-muxer-webm: aa71ff27fc2769a1b78a27578f13a17b -> 
  custom:container-demuxer-webm: 4f35f7cbe854078d1ac9338744f61a02 -> 
  custom:video-encoder-webm-vp8: eb34c28f22e8b96e1ab97ce403110664 -> 
  custom:framework-osx-AVFoundation: e770b220cccbd017edd2c1fefb359320 -> 
  custom:audio-encoder-webm-vorbis: bf7c407c2cedff20999df2af8eb42d56 -> 
  custom:container-demuxer-ogg: 62fdf1f143b41e24485cea50d1cbac27 -> 
  custom:video-decoder-webm-vp8: 9c59270c3fd7afecdb556c50c9e8de78 -> 
  custom:audio-decoder-ogg-vorbis: bf7c407c2cedff20999df2af8eb42d56 -> 
