Using pre-set license
Built from '2021.3/staging' branch; Version is '2021.3.16f1 (4016570cf34f) revision 4200023'; Using compiler version '192829333'; Build Type 'Release'
OS: 'Windows 11  (10.0.22000) 64bit Education' Language: 'en' Physical Memory: 15775 MB
BatchMode: 1, IsHumanControllingUs: 0, StartBugReporterOnCrash: 0, Is64bit: 1, IsPro: 1

COMMAND LINE ARGUMENTS:
C:\Program Files\Unity\Hub\Editor\2021.3.16f1\Editor\Unity.exe
-adb2
-batchMode
-noUpm
-name
AssetImportWorker0
-projectPath
F:/UCL/Virtual Environments/CW1/VE_Project/Mini Golf
-logFile
Logs/AssetImportWorker0.log
-srvPort
58728
Successfully changed project path to: F:/UCL/Virtual Environments/CW1/VE_Project/Mini Golf
F:/UCL/Virtual Environments/CW1/VE_Project/Mini Golf
[UnityMemory] Configuration Parameters - Can be set up in boot.config
    "memorysetup-bucket-allocator-granularity=16"
    "memorysetup-bucket-allocator-bucket-count=8"
    "memorysetup-bucket-allocator-block-size=33554432"
    "memorysetup-bucket-allocator-block-count=8"
    "memorysetup-main-allocator-block-size=16777216"
    "memorysetup-thread-allocator-block-size=16777216"
    "memorysetup-gfx-main-allocator-block-size=16777216"
    "memorysetup-gfx-thread-allocator-block-size=16777216"
    "memorysetup-cache-allocator-block-size=4194304"
    "memorysetup-typetree-allocator-block-size=2097152"
    "memorysetup-profiler-bucket-allocator-granularity=16"
    "memorysetup-profiler-bucket-allocator-bucket-count=8"
    "memorysetup-profiler-bucket-allocator-block-size=33554432"
    "memorysetup-profiler-bucket-allocator-block-count=8"
    "memorysetup-profiler-allocator-block-size=16777216"
    "memorysetup-profiler-editor-allocator-block-size=1048576"
    "memorysetup-temp-allocator-size-main=16777216"
    "memorysetup-job-temp-allocator-block-size=2097152"
    "memorysetup-job-temp-allocator-block-size-background=1048576"
    "memorysetup-job-temp-allocator-reduction-small-platforms=262144"
    "memorysetup-temp-allocator-size-background-worker=32768"
    "memorysetup-temp-allocator-size-job-worker=262144"
    "memorysetup-temp-allocator-size-preload-manager=33554432"
    "memorysetup-temp-allocator-size-nav-mesh-worker=65536"
    "memorysetup-temp-allocator-size-audio-worker=65536"
    "memorysetup-temp-allocator-size-cloud-worker=32768"
    "memorysetup-temp-allocator-size-gi-baking-worker=262144"
    "memorysetup-temp-allocator-size-gfx=262144"
Player connection [21208] Host "[IP] 10.97.255.109 [Port] 0 [Flags] 2 [Guid] 217245746 [EditorId] 217245746 [Version] 1048832 [Id] WindowsEditor(7,DESKTOP-T3LSIDQ) [Debug] 1 [PackageName] WindowsEditor [ProjectName] Editor" joined multi-casting on [225.0.0.222:54997]...

Player connection [21208] Host "[IP] 10.97.255.109 [Port] 0 [Flags] 2 [Guid] 217245746 [EditorId] 217245746 [Version] 1048832 [Id] WindowsEditor(7,DESKTOP-T3LSIDQ) [Debug] 1 [PackageName] WindowsEditor [ProjectName] Editor" joined alternative multi-casting on [225.0.0.222:34997]...

Refreshing native plugins compatible for Editor in 119.19 ms, found 3 plugins.
Preloading 0 native plugins for Editor in 0.00 ms.
Initialize engine version: 2021.3.16f1 (4016570cf34f)
[Subsystems] Discovering subsystems at path C:/Program Files/Unity/Hub/Editor/2021.3.16f1/Editor/Data/Resources/UnitySubsystems
[Subsystems] Discovering subsystems at path F:/UCL/Virtual Environments/CW1/VE_Project/Mini Golf/Assets
GfxDevice: creating device client; threaded=0; jobified=0
Direct3D:
    Version:  Direct3D 11.0 [level 11.1]
    Renderer: NVIDIA GeForce RTX 3050 Laptop GPU (ID=0x25a2)
    Vendor:   NVIDIA
    VRAM:     3991 MB
    Driver:   30.0.15.1169
Initialize mono
Mono path[0] = 'C:/Program Files/Unity/Hub/Editor/2021.3.16f1/Editor/Data/Managed'
Mono path[1] = 'C:/Program Files/Unity/Hub/Editor/2021.3.16f1/Editor/Data/MonoBleedingEdge/lib/mono/unityjit-win32'
Mono config path = 'C:/Program Files/Unity/Hub/Editor/2021.3.16f1/Editor/Data/MonoBleedingEdge/etc'
Using monoOptions --debugger-agent=transport=dt_socket,embedding=1,server=y,suspend=n,address=127.0.0.1:56672
Begin MonoManager ReloadAssembly
Registering precompiled unity dll's ...
Register platform support module: C:/Program Files/Unity/Hub/Editor/2021.3.16f1/Editor/Data/PlaybackEngines/WebGLSupport/UnityEditor.WebGL.Extensions.dll
Register platform support module: C:/Program Files/Unity/Hub/Editor/2021.3.16f1/Editor/Data/PlaybackEngines/WindowsStandaloneSupport/UnityEditor.WindowsStandalone.Extensions.dll
Registered in 0.011279 seconds.
Native extension for WindowsStandalone target not found
Native extension for WebGL target not found
Refreshing native plugins compatible for Editor in 118.90 ms, found 3 plugins.
Preloading 0 native plugins for Editor in 0.00 ms.
Mono: successfully reloaded assembly
- Completed reload, in  0.966 seconds
Domain Reload Profiling:
	ReloadAssembly (967ms)
		BeginReloadAssembly (107ms)
			ExecutionOrderSort (0ms)
			DisableScriptedObjects (0ms)
			BackupInstance (0ms)
			ReleaseScriptingObjects (0ms)
			CreateAndSetChildDomain (1ms)
		EndReloadAssembly (692ms)
			LoadAssemblies (104ms)
			RebuildTransferFunctionScriptingTraits (0ms)
			SetupTypeCache (135ms)
			ReleaseScriptCaches (0ms)
			RebuildScriptCaches (33ms)
			SetupLoadedEditorAssemblies (458ms)
				LogAssemblyErrors (0ms)
				InitializePlatformSupportModulesInManaged (11ms)
				SetLoadedEditorAssemblies (0ms)
				RefreshPlugins (119ms)
				BeforeProcessingInitializeOnLoad (2ms)
				ProcessInitializeOnLoadAttributes (248ms)
				ProcessInitializeOnLoadMethodAttributes (78ms)
				AfterProcessingInitializeOnLoad (0ms)
				EditorAssembliesLoaded (0ms)
			ExecutionOrderSort2 (0ms)
			AwakeInstancesAfterBackupRestoration (0ms)
Platform modules already initialized, skipping
Registering precompiled user dll's ...
Registered in 0.004689 seconds.
Begin MonoManager ReloadAssembly
Symbol file LoadedFromMemory doesn't match image F:\UCL\Virtual Environments\CW1\VE_Project\Mini Golf\Library\PackageCache\com.unity.visualscripting@1.7.8\Editor\VisualScripting.Core\Dependencies\YamlDotNet\Unity.VisualScripting.YamlDotNet.dll
Symbol file LoadedFromMemory doesn't match image F:\UCL\Virtual Environments\CW1\VE_Project\Mini Golf\Library\PackageCache\com.unity.visualscripting@1.7.8\Editor\VisualScripting.Core\Dependencies\DotNetZip\Unity.VisualScripting.IonicZip.dll
Native extension for WindowsStandalone target not found
Native extension for WebGL target not found
Refreshing native plugins compatible for Editor in 1.21 ms, found 3 plugins.
Preloading 0 native plugins for Editor in 0.00 ms.
Mono: successfully reloaded assembly
- Completed reload, in  1.544 seconds
Domain Reload Profiling:
	ReloadAssembly (1545ms)
		BeginReloadAssembly (185ms)
			ExecutionOrderSort (0ms)
			DisableScriptedObjects (11ms)
			BackupInstance (0ms)
			ReleaseScriptingObjects (0ms)
			CreateAndSetChildDomain (31ms)
		EndReloadAssembly (1165ms)
			LoadAssemblies (114ms)
			RebuildTransferFunctionScriptingTraits (0ms)
			SetupTypeCache (344ms)
			ReleaseScriptCaches (1ms)
			RebuildScriptCaches (75ms)
			SetupLoadedEditorAssemblies (571ms)
				LogAssemblyErrors (0ms)
				InitializePlatformSupportModulesInManaged (12ms)
				SetLoadedEditorAssemblies (1ms)
				RefreshPlugins (1ms)
				BeforeProcessingInitializeOnLoad (148ms)
				ProcessInitializeOnLoadAttributes (352ms)
				ProcessInitializeOnLoadMethodAttributes (46ms)
				AfterProcessingInitializeOnLoad (10ms)
				EditorAssembliesLoaded (0ms)
			ExecutionOrderSort2 (0ms)
			AwakeInstancesAfterBackupRestoration (8ms)
Platform modules already initialized, skipping
========================================================================
Worker process is ready to serve import requests
Launched and connected shader compiler UnityShaderCompiler.exe after 0.05 seconds
Refreshing native plugins compatible for Editor in 1.14 ms, found 3 plugins.
Preloading 0 native plugins for Editor in 0.00 ms.
Unloading 3361 Unused Serialized files (Serialized files now loaded: 0)
Unloading 27 unused Assets / (113.4 KB). Loaded Objects now: 3818.
Memory consumption went from 115.6 MB to 115.5 MB.
Total: 5.399700 ms (FindLiveObjects: 0.288600 ms CreateObjectMapping: 0.151300 ms MarkObjects: 4.832500 ms  DeleteObjects: 0.126100 ms)

AssetImportParameters requested are different than current active one (requested -> active):
  custom:video-decoder-ogg-theora: a1e56fd34408186e4bbccfd4996cb3dc -> 
  custom:container-muxer-webm: aa71ff27fc2769a1b78a27578f13a17b -> 
  custom:container-demuxer-webm: 4f35f7cbe854078d1ac9338744f61a02 -> 
  custom:video-encoder-webm-vp8: eb34c28f22e8b96e1ab97ce403110664 -> 
  custom:audio-encoder-webm-vorbis: bf7c407c2cedff20999df2af8eb42d56 -> 
  custom:framework-win-MediaFoundation: 216162199b28c13a410421893ffa2e32 -> 
  custom:container-demuxer-ogg: 62fdf1f143b41e24485cea50d1cbac27 -> 
  custom:video-decoder-webm-vp8: 9c59270c3fd7afecdb556c50c9e8de78 -> 
  custom:audio-decoder-ogg-vorbis: bf7c407c2cedff20999df2af8eb42d56 -> 
========================================================================
Received Import Request.
  Time since last request: 1027603.840934 seconds.
  path: Assets/Scenes/SampleScene.unity
  artifactKey: Guid(9fc0d4010bbf28b4594072e72b8655ab) Importer(2089858483,0ecaa5967403d082aa24f35e1b516d23)
Start importing Assets/Scenes/SampleScene.unity using Guid(9fc0d4010bbf28b4594072e72b8655ab) Importer(2089858483,0ecaa5967403d082aa24f35e1b516d23) Generated GUIDs only implemented for interfaces!
 -> (artifact id: 'c3c0fcd58668d5664f93a3f12bf20f4c') in 0.108686 seconds 
========================================================================
Received Prepare
Refreshing native plugins compatible for Editor in 5.80 ms, found 3 plugins.
Preloading 0 native plugins for Editor in 0.00 ms.
Unloading 20 Unused Serialized files (Serialized files now loaded: 0)
Unloading 20 unused Assets / (77.1 KB). Loaded Objects now: 3818.
Memory consumption went from 48.6 MB to 48.5 MB.
Total: 5.182100 ms (FindLiveObjects: 0.646600 ms CreateObjectMapping: 0.157400 ms MarkObjects: 4.244700 ms  DeleteObjects: 0.132100 ms)

AssetImportParameters requested are different than current active one (requested -> active):
  custom:video-decoder-ogg-theora: a1e56fd34408186e4bbccfd4996cb3dc -> 
  custom:container-muxer-webm: aa71ff27fc2769a1b78a27578f13a17b -> 
  custom:container-demuxer-webm: 4f35f7cbe854078d1ac9338744f61a02 -> 
  custom:video-encoder-webm-vp8: eb34c28f22e8b96e1ab97ce403110664 -> 
  custom:audio-encoder-webm-vorbis: bf7c407c2cedff20999df2af8eb42d56 -> 
  custom:framework-win-MediaFoundation: 216162199b28c13a410421893ffa2e32 -> 
  custom:SearchIndexIgnoredProperties: e643bd26f0fe6173181afceb89e7c659 -> 
  custom:container-demuxer-ogg: 62fdf1f143b41e24485cea50d1cbac27 -> 
  custom:video-decoder-webm-vp8: 9c59270c3fd7afecdb556c50c9e8de78 -> 
  custom:audio-decoder-ogg-vorbis: bf7c407c2cedff20999df2af8eb42d56 -> 
========================================================================
Received Prepare
Registering precompiled user dll's ...
Registered in 0.007752 seconds.
Begin MonoManager ReloadAssembly
Symbol file LoadedFromMemory doesn't match image F:\UCL\Virtual Environments\CW1\VE_Project\Mini Golf\Library\PackageCache\com.unity.visualscripting@1.7.8\Editor\VisualScripting.Core\Dependencies\YamlDotNet\Unity.VisualScripting.YamlDotNet.dll
Symbol file LoadedFromMemory doesn't match image F:\UCL\Virtual Environments\CW1\VE_Project\Mini Golf\Library\PackageCache\com.unity.visualscripting@1.7.8\Editor\VisualScripting.Core\Dependencies\DotNetZip\Unity.VisualScripting.IonicZip.dll
Native extension for WindowsStandalone target not found
Native extension for WebGL target not found
Refreshing native plugins compatible for Editor in 0.68 ms, found 3 plugins.
Preloading 0 native plugins for Editor in 0.00 ms.
Package Manager log level set to [2]
Mono: successfully reloaded assembly
- Completed reload, in  1.156 seconds
Domain Reload Profiling:
	ReloadAssembly (1157ms)
		BeginReloadAssembly (144ms)
			ExecutionOrderSort (0ms)
			DisableScriptedObjects (5ms)
			BackupInstance (0ms)
			ReleaseScriptingObjects (0ms)
			CreateAndSetChildDomain (42ms)
		EndReloadAssembly (899ms)
			LoadAssemblies (102ms)
			RebuildTransferFunctionScriptingTraits (0ms)
			SetupTypeCache (342ms)
			ReleaseScriptCaches (1ms)
			RebuildScriptCaches (47ms)
			SetupLoadedEditorAssemblies (352ms)
				LogAssemblyErrors (0ms)
				InitializePlatformSupportModulesInManaged (17ms)
				SetLoadedEditorAssemblies (0ms)
				RefreshPlugins (1ms)
				BeforeProcessingInitializeOnLoad (79ms)
				ProcessInitializeOnLoadAttributes (227ms)
				ProcessInitializeOnLoadMethodAttributes (23ms)
				AfterProcessingInitializeOnLoad (5ms)
				EditorAssembliesLoaded (0ms)
			ExecutionOrderSort2 (0ms)
			AwakeInstancesAfterBackupRestoration (6ms)
Platform modules already initialized, skipping
Refreshing native plugins compatible for Editor in 1.77 ms, found 3 plugins.
Preloading 0 native plugins for Editor in 0.00 ms.
Unloading 3610 Unused Serialized files (Serialized files now loaded: 0)
Unloading 32 unused Assets / (79.7 KB). Loaded Objects now: 4064.
Memory consumption went from 123.1 MB to 123.0 MB.
Total: 3.363500 ms (FindLiveObjects: 0.240400 ms CreateObjectMapping: 0.183100 ms MarkObjects: 2.840000 ms  DeleteObjects: 0.099200 ms)

AssetImportParameters requested are different than current active one (requested -> active):
  custom:video-decoder-ogg-theora: a1e56fd34408186e4bbccfd4996cb3dc -> 
  custom:container-muxer-webm: aa71ff27fc2769a1b78a27578f13a17b -> 
  custom:container-demuxer-webm: 4f35f7cbe854078d1ac9338744f61a02 -> 
  custom:video-encoder-webm-vp8: eb34c28f22e8b96e1ab97ce403110664 -> 
  custom:audio-encoder-webm-vorbis: bf7c407c2cedff20999df2af8eb42d56 -> 
  custom:framework-win-MediaFoundation: 216162199b28c13a410421893ffa2e32 -> 
  custom:SearchIndexIgnoredProperties: e643bd26f0fe6173181afceb89e7c659 -> 
  custom:container-demuxer-ogg: 62fdf1f143b41e24485cea50d1cbac27 -> 
  custom:video-decoder-webm-vp8: 9c59270c3fd7afecdb556c50c9e8de78 -> 
  custom:audio-decoder-ogg-vorbis: bf7c407c2cedff20999df2af8eb42d56 -> 
========================================================================
Received Import Request.
  Time since last request: 565.974285 seconds.
  path: Packages/com.ucl.ubiq
  artifactKey: Guid(cd224c02eae1c732e1cd3728e2634b87) Importer(815301076,1909f56bfc062723c751e8b465ee728b)
Start importing Packages/com.ucl.ubiq using Guid(cd224c02eae1c732e1cd3728e2634b87) Importer(815301076,1909f56bfc062723c751e8b465ee728b)  -> (artifact id: '44894358755796ef24fe189c80c8847d') in 0.023100 seconds 
========================================================================
Received Import Request.
  Time since last request: 0.065160 seconds.
  path: Packages/com.ucl.ubiq/package.json
  artifactKey: Guid(43c91cd07e441f44e91af8d916178c00) Importer(815301076,1909f56bfc062723c751e8b465ee728b)
Start importing Packages/com.ucl.ubiq/package.json using Guid(43c91cd07e441f44e91af8d916178c00) Importer(815301076,1909f56bfc062723c751e8b465ee728b)  -> (artifact id: 'd67e1a2d9cf913f414be3b343f323f76') in 0.059075 seconds 
========================================================================
Received Import Request.
  Time since last request: 135.530897 seconds.
  path: Assets/Samples/Ubiq/0.4.2/Samples
  artifactKey: Guid(d573c838812c71e468c14427908c3913) Importer(815301076,1909f56bfc062723c751e8b465ee728b)
Start importing Assets/Samples/Ubiq/0.4.2/Samples using Guid(d573c838812c71e468c14427908c3913) Importer(815301076,1909f56bfc062723c751e8b465ee728b)  -> (artifact id: '648998ef7e4f50da355ecbdf533c5662') in 0.007455 seconds 
========================================================================
Received Prepare
Registering precompiled user dll's ...
Registered in 0.005414 seconds.
Begin MonoManager ReloadAssembly
Symbol file LoadedFromMemory doesn't match image F:\UCL\Virtual Environments\CW1\VE_Project\Mini Golf\Library\PackageCache\com.unity.visualscripting@1.7.8\Editor\VisualScripting.Core\Dependencies\YamlDotNet\Unity.VisualScripting.YamlDotNet.dll
Symbol file LoadedFromMemory doesn't match image F:\UCL\Virtual Environments\CW1\VE_Project\Mini Golf\Library\PackageCache\com.unity.visualscripting@1.7.8\Editor\VisualScripting.Core\Dependencies\DotNetZip\Unity.VisualScripting.IonicZip.dll
Native extension for WindowsStandalone target not found
Native extension for WebGL target not found
Refreshing native plugins compatible for Editor in 1.26 ms, found 3 plugins.
Preloading 0 native plugins for Editor in 0.00 ms.
Mono: successfully reloaded assembly
- Completed reload, in  1.190 seconds
Domain Reload Profiling:
	ReloadAssembly (1191ms)
		BeginReloadAssembly (167ms)
			ExecutionOrderSort (0ms)
			DisableScriptedObjects (6ms)
			BackupInstance (0ms)
			ReleaseScriptingObjects (0ms)
			CreateAndSetChildDomain (61ms)
		EndReloadAssembly (884ms)
			LoadAssemblies (97ms)
			RebuildTransferFunctionScriptingTraits (0ms)
			SetupTypeCache (330ms)
			ReleaseScriptCaches (1ms)
			RebuildScriptCaches (48ms)
			SetupLoadedEditorAssemblies (368ms)
				LogAssemblyErrors (0ms)
				InitializePlatformSupportModulesInManaged (18ms)
				SetLoadedEditorAssemblies (1ms)
				RefreshPlugins (1ms)
				BeforeProcessingInitializeOnLoad (87ms)
				ProcessInitializeOnLoadAttributes (233ms)
				ProcessInitializeOnLoadMethodAttributes (23ms)
				AfterProcessingInitializeOnLoad (6ms)
				EditorAssembliesLoaded (0ms)
			ExecutionOrderSort2 (0ms)
			AwakeInstancesAfterBackupRestoration (6ms)
Platform modules already initialized, skipping
Refreshing native plugins compatible for Editor in 2.23 ms, found 3 plugins.
Preloading 0 native plugins for Editor in 0.00 ms.
Unloading 3684 Unused Serialized files (Serialized files now loaded: 0)
Unloading 33 unused Assets / (108.9 KB). Loaded Objects now: 4142.
Memory consumption went from 127.1 MB to 127.0 MB.
Total: 3.328500 ms (FindLiveObjects: 0.231000 ms CreateObjectMapping: 0.105800 ms MarkObjects: 2.871600 ms  DeleteObjects: 0.118900 ms)

AssetImportParameters requested are different than current active one (requested -> active):
  custom:video-decoder-ogg-theora: a1e56fd34408186e4bbccfd4996cb3dc -> 
  custom:container-muxer-webm: aa71ff27fc2769a1b78a27578f13a17b -> 
  custom:container-demuxer-webm: 4f35f7cbe854078d1ac9338744f61a02 -> 
  custom:video-encoder-webm-vp8: eb34c28f22e8b96e1ab97ce403110664 -> 
  custom:audio-encoder-webm-vorbis: bf7c407c2cedff20999df2af8eb42d56 -> 
  custom:framework-win-MediaFoundation: 216162199b28c13a410421893ffa2e32 -> 
  custom:SearchIndexIgnoredProperties: e643bd26f0fe6173181afceb89e7c659 -> 
  custom:container-demuxer-ogg: 62fdf1f143b41e24485cea50d1cbac27 -> 
  custom:video-decoder-webm-vp8: 9c59270c3fd7afecdb556c50c9e8de78 -> 
  custom:audio-decoder-ogg-vorbis: bf7c407c2cedff20999df2af8eb42d56 -> 
========================================================================
Received Import Request.
  Time since last request: 270.897785 seconds.
  path: Assets/Samples
  artifactKey: Guid(6609267a9a9e2954983e2d33e7633e45) Importer(815301076,1909f56bfc062723c751e8b465ee728b)
Start importing Assets/Samples using Guid(6609267a9a9e2954983e2d33e7633e45) Importer(815301076,1909f56bfc062723c751e8b465ee728b)  -> (artifact id: 'b3d52486fcfbb6977724be4768d3ad71') in 0.018700 seconds 
========================================================================
Received Import Request.
  Time since last request: 52.185496 seconds.
  path: Assets/minigolf-kit-2.2
  artifactKey: Guid(e4740952e2c83f5489a5278086f522a1) Importer(815301076,1909f56bfc062723c751e8b465ee728b)
Start importing Assets/minigolf-kit-2.2 using Guid(e4740952e2c83f5489a5278086f522a1) Importer(815301076,1909f56bfc062723c751e8b465ee728b)  -> (artifact id: '8d8b9edb748d45165cf19d42c91eb728') in 0.008988 seconds 
========================================================================
Received Import Request.
  Time since last request: 0.047677 seconds.
  path: Assets/minigolf-kit-2.2/Preview.png
  artifactKey: Guid(528054fa65ed4b046ac87c5c452933fc) Importer(815301076,1909f56bfc062723c751e8b465ee728b)
Start importing Assets/minigolf-kit-2.2/Preview.png using Guid(528054fa65ed4b046ac87c5c452933fc) Importer(815301076,1909f56bfc062723c751e8b465ee728b)  -> (artifact id: '9119ee72472aad1e2e46c7c443e26953') in 0.084364 seconds 
========================================================================
Received Import Request.
  Time since last request: 5.642963 seconds.
  path: Assets/minigolf-kit-2.2/Models
  artifactKey: Guid(460bd1c7eee470c4cb95d0e299cf4830) Importer(815301076,1909f56bfc062723c751e8b465ee728b)
Start importing Assets/minigolf-kit-2.2/Models using Guid(460bd1c7eee470c4cb95d0e299cf4830) Importer(815301076,1909f56bfc062723c751e8b465ee728b)  -> (artifact id: '01217d77975e717fe08cb49e3a6e0ca0') in 0.008223 seconds 
========================================================================
Received Import Request.
  Time since last request: 2.834268 seconds.
  path: Assets/minigolf-kit-2.2/Models/OBJ format
  artifactKey: Guid(605f74ddd86b7d642a3342ffabbb4f65) Importer(815301076,1909f56bfc062723c751e8b465ee728b)
Start importing Assets/minigolf-kit-2.2/Models/OBJ format using Guid(605f74ddd86b7d642a3342ffabbb4f65) Importer(815301076,1909f56bfc062723c751e8b465ee728b)  -> (artifact id: '968dad978731af248ae4addec341f63b') in 0.009133 seconds 
========================================================================
Received Import Request.
  Time since last request: 0.069683 seconds.
  path: Assets/minigolf-kit-2.2/Models/OBJ format/ball_blue.obj
  artifactKey: Guid(4023a0b1a1a8f544289892222901fb08) Importer(815301076,1909f56bfc062723c751e8b465ee728b)
Start importing Assets/minigolf-kit-2.2/Models/OBJ format/ball_blue.obj using Guid(4023a0b1a1a8f544289892222901fb08) Importer(815301076,1909f56bfc062723c751e8b465ee728b)  -> (artifact id: '9ec2d17493591b27a927191421a92965') in 0.470846 seconds 
========================================================================
Received Import Request.
  Time since last request: 0.000035 seconds.
  path: Assets/minigolf-kit-2.2/Models/OBJ format/club_blue.obj
  artifactKey: Guid(88555cf837584a74aacb4415ef473439) Importer(815301076,1909f56bfc062723c751e8b465ee728b)
Start importing Assets/minigolf-kit-2.2/Models/OBJ format/club_blue.obj using Guid(88555cf837584a74aacb4415ef473439) Importer(815301076,1909f56bfc062723c751e8b465ee728b)  -> (artifact id: '5e02cfa38336ca9af4a63a9f2f83e738') in 0.055013 seconds 
========================================================================
Received Import Request.
  Time since last request: 0.000089 seconds.
  path: Assets/minigolf-kit-2.2/Models/OBJ format/bumpWalls.obj
  artifactKey: Guid(92b2dfb4550c925478b2e46106dc3400) Importer(815301076,1909f56bfc062723c751e8b465ee728b)
Start importing Assets/minigolf-kit-2.2/Models/OBJ format/bumpWalls.obj using Guid(92b2dfb4550c925478b2e46106dc3400) Importer(815301076,1909f56bfc062723c751e8b465ee728b)  -> (artifact id: '47dcd3dc8f98d29c59271e45227c745c') in 0.043237 seconds 
========================================================================
Received Import Request.
  Time since last request: 0.000032 seconds.
  path: Assets/minigolf-kit-2.2/Models/OBJ format/bump.obj
  artifactKey: Guid(30814e73056250240b627f321fa4f6eb) Importer(815301076,1909f56bfc062723c751e8b465ee728b)
Start importing Assets/minigolf-kit-2.2/Models/OBJ format/bump.obj using Guid(30814e73056250240b627f321fa4f6eb) Importer(815301076,1909f56bfc062723c751e8b465ee728b)  -> (artifact id: '7a88c8a2a0eb0b09843a6d79938f016b') in 0.038812 seconds 
========================================================================
Received Import Request.
  Time since last request: 0.000111 seconds.
  path: Assets/minigolf-kit-2.2/Models/OBJ format/holeRound.obj
  artifactKey: Guid(26a355f0da34b2d4c9137e0c96a672ee) Importer(815301076,1909f56bfc062723c751e8b465ee728b)
Start importing Assets/minigolf-kit-2.2/Models/OBJ format/holeRound.obj using Guid(26a355f0da34b2d4c9137e0c96a672ee) Importer(815301076,1909f56bfc062723c751e8b465ee728b)  -> (artifact id: '6889b38e6eaf431f24a60af184570e29') in 0.048822 seconds 
========================================================================
Received Import Request.
  Time since last request: 0.000047 seconds.
  path: Assets/minigolf-kit-2.2/Models/OBJ format/corner.obj
  artifactKey: Guid(5a487a54cd9cc0e48941300c7f233730) Importer(815301076,1909f56bfc062723c751e8b465ee728b)
Start importing Assets/minigolf-kit-2.2/Models/OBJ format/corner.obj using Guid(5a487a54cd9cc0e48941300c7f233730) Importer(815301076,1909f56bfc062723c751e8b465ee728b)  -> (artifact id: '337c5d26db0e9193a3bfb9983244f8dc') in 0.041797 seconds 
========================================================================
Received Import Request.
  Time since last request: 0.000070 seconds.
  path: Assets/minigolf-kit-2.2/Models/OBJ format/club_green.obj
  artifactKey: Guid(5b7bc362cc5341c45a92451b0d18304e) Importer(815301076,1909f56bfc062723c751e8b465ee728b)
Start importing Assets/minigolf-kit-2.2/Models/OBJ format/club_green.obj using Guid(5b7bc362cc5341c45a92451b0d18304e) Importer(815301076,1909f56bfc062723c751e8b465ee728b)  -> (artifact id: '56d6858fa8773fd57b7475092d083c3f') in 0.057092 seconds 
========================================================================
Received Import Request.
  Time since last request: 0.000098 seconds.
  path: Assets/minigolf-kit-2.2/Models/OBJ format/holeOpen.obj
  artifactKey: Guid(005df654dd6429b47897b39d7e6f3cf2) Importer(815301076,1909f56bfc062723c751e8b465ee728b)
Start importing Assets/minigolf-kit-2.2/Models/OBJ format/holeOpen.obj using Guid(005df654dd6429b47897b39d7e6f3cf2) Importer(815301076,1909f56bfc062723c751e8b465ee728b)  -> (artifact id: '80d0d091be9c34597e9f295c78d4bc92') in 0.049288 seconds 
========================================================================
Received Import Request.
  Time since last request: 0.000036 seconds.
  path: Assets/minigolf-kit-2.2/Models/OBJ format/crest.obj
  artifactKey: Guid(641bd76de435dd444bfcac57926e244e) Importer(815301076,1909f56bfc062723c751e8b465ee728b)
Start importing Assets/minigolf-kit-2.2/Models/OBJ format/crest.obj using Guid(641bd76de435dd444bfcac57926e244e) Importer(815301076,1909f56bfc062723c751e8b465ee728b)  -> (artifact id: '77d49c387a37b830f8b7f35074c517a1') in 0.045221 seconds 
========================================================================
Received Import Request.
  Time since last request: 0.000038 seconds.
  path: Assets/minigolf-kit-2.2/Models/OBJ format/ball_red.obj
  artifactKey: Guid(8064df029e9048b40b737e637866677b) Importer(815301076,1909f56bfc062723c751e8b465ee728b)
Start importing Assets/minigolf-kit-2.2/Models/OBJ format/ball_red.obj using Guid(8064df029e9048b40b737e637866677b) Importer(815301076,1909f56bfc062723c751e8b465ee728b)  -> (artifact id: 'e73855d85ff7417c31d25a4c66a8adee') in 0.044412 seconds 
========================================================================
Received Import Request.
  Time since last request: 0.000042 seconds.
  path: Assets/minigolf-kit-2.2/Models/OBJ format/gap.obj
  artifactKey: Guid(4b430c55e8fd8994d9f8a23e956712a9) Importer(815301076,1909f56bfc062723c751e8b465ee728b)
Start importing Assets/minigolf-kit-2.2/Models/OBJ format/gap.obj using Guid(4b430c55e8fd8994d9f8a23e956712a9) Importer(815301076,1909f56bfc062723c751e8b465ee728b)  -> (artifact id: '0f0551f97ae662f98b863b96af848a38') in 0.039455 seconds 
========================================================================
Received Import Request.
  Time since last request: 0.000092 seconds.
  path: Assets/minigolf-kit-2.2/Models/OBJ format/hillRound.obj
  artifactKey: Guid(5371693f4aaf4494b88bb0e350d092f8) Importer(815301076,1909f56bfc062723c751e8b465ee728b)
Start importing Assets/minigolf-kit-2.2/Models/OBJ format/hillRound.obj using Guid(5371693f4aaf4494b88bb0e350d092f8) Importer(815301076,1909f56bfc062723c751e8b465ee728b)  -> (artifact id: '80cdc2f6c81c846099a853a8689db6f4') in 0.043499 seconds 
========================================================================
Received Import Request.
  Time since last request: 0.778180 seconds.
  path: Assets/minigolf-kit-2.2/Models/OBJ format/holeSquare.obj
  artifactKey: Guid(c65354060723f524b88a08a57f64fd4e) Importer(815301076,1909f56bfc062723c751e8b465ee728b)
Start importing Assets/minigolf-kit-2.2/Models/OBJ format/holeSquare.obj using Guid(c65354060723f524b88a08a57f64fd4e) Importer(815301076,1909f56bfc062723c751e8b465ee728b)  -> (artifact id: '4896eab56a152ecf4fff99798684893b') in 0.044638 seconds 
========================================================================
Received Import Request.
  Time since last request: 0.000027 seconds.
  path: Assets/minigolf-kit-2.2/Models/OBJ format/narrowSquare.obj
  artifactKey: Guid(56298a38451f44647894d9d0a546e829) Importer(815301076,1909f56bfc062723c751e8b465ee728b)
Start importing Assets/minigolf-kit-2.2/Models/OBJ format/narrowSquare.obj using Guid(56298a38451f44647894d9d0a546e829) Importer(815301076,1909f56bfc062723c751e8b465ee728b)  -> (artifact id: '5d55049b417fbd550b6baee259dbefc2') in 0.034383 seconds 
========================================================================
Received Import Request.
  Time since last request: 0.000029 seconds.
  path: Assets/minigolf-kit-2.2/Models/OBJ format/obstacleDiamond.obj
  artifactKey: Guid(d2a95f0a77b0a594a8ae8488a5e82d5f) Importer(815301076,1909f56bfc062723c751e8b465ee728b)
Start importing Assets/minigolf-kit-2.2/Models/OBJ format/obstacleDiamond.obj using Guid(d2a95f0a77b0a594a8ae8488a5e82d5f) Importer(815301076,1909f56bfc062723c751e8b465ee728b)  -> (artifact id: 'dc56693bae68a26ea63ab91d85a3a54e') in 0.034789 seconds 
========================================================================
Received Import Request.
  Time since last request: 0.000031 seconds.
  path: Assets/minigolf-kit-2.2/Models/OBJ format/rampLarge.obj
  artifactKey: Guid(a678750dc8e438c4c8494272c0cf972d) Importer(815301076,1909f56bfc062723c751e8b465ee728b)
Start importing Assets/minigolf-kit-2.2/Models/OBJ format/rampLarge.obj using Guid(a678750dc8e438c4c8494272c0cf972d) Importer(815301076,1909f56bfc062723c751e8b465ee728b)  -> (artifact id: 'a23715a8453a386ac86e5ca175b4381b') in 0.033492 seconds 
========================================================================
Received Import Request.
  Time since last request: 0.000022 seconds.
  path: Assets/minigolf-kit-2.2/Models/OBJ format/open.obj
  artifactKey: Guid(26efda9207faa5549a877746e5f69833) Importer(815301076,1909f56bfc062723c751e8b465ee728b)
Start importing Assets/minigolf-kit-2.2/Models/OBJ format/open.obj using Guid(26efda9207faa5549a877746e5f69833) Importer(815301076,1909f56bfc062723c751e8b465ee728b)  -> (artifact id: 'bc7cabc590fde76690a0b733b768a052') in 0.028608 seconds 
========================================================================
Received Import Request.
  Time since last request: 0.000027 seconds.
  path: Assets/minigolf-kit-2.2/Models/OBJ format/rampC.obj
  artifactKey: Guid(c4565cf4a0463254aad1f0b4aad463ff) Importer(815301076,1909f56bfc062723c751e8b465ee728b)
Start importing Assets/minigolf-kit-2.2/Models/OBJ format/rampC.obj using Guid(c4565cf4a0463254aad1f0b4aad463ff) Importer(815301076,1909f56bfc062723c751e8b465ee728b)  -> (artifact id: 'f89571dc40cb02112dd47ee9b4c9fc2b') in 0.038265 seconds 
========================================================================
Received Import Request.
  Time since last request: 0.000026 seconds.
  path: Assets/minigolf-kit-2.2/Models/OBJ format/rampSharp.obj
  artifactKey: Guid(dc0bd9adc67a4574c82695913bb72c72) Importer(815301076,1909f56bfc062723c751e8b465ee728b)
Start importing Assets/minigolf-kit-2.2/Models/OBJ format/rampSharp.obj using Guid(dc0bd9adc67a4574c82695913bb72c72) Importer(815301076,1909f56bfc062723c751e8b465ee728b)  -> (artifact id: '65ab378c9fe2befbcc173623488f30f4') in 0.036553 seconds 
========================================================================
Received Import Request.
  Time since last request: 0.000033 seconds.
  path: Assets/minigolf-kit-2.2/Models/OBJ format/rampSide.obj
  artifactKey: Guid(ed015d66f089bb948a6870eea0943706) Importer(815301076,1909f56bfc062723c751e8b465ee728b)
Start importing Assets/minigolf-kit-2.2/Models/OBJ format/rampSide.obj using Guid(ed015d66f089bb948a6870eea0943706) Importer(815301076,1909f56bfc062723c751e8b465ee728b)  -> (artifact id: 'e9c952541d022433eac88f0cc5fb5989') in 0.038853 seconds 
========================================================================
Received Import Request.
  Time since last request: 0.000023 seconds.
  path: Assets/minigolf-kit-2.2/Models/OBJ format/rampLargeSide.obj
  artifactKey: Guid(8ccf61113b2953541abf25c728b9fba1) Importer(815301076,1909f56bfc062723c751e8b465ee728b)
Start importing Assets/minigolf-kit-2.2/Models/OBJ format/rampLargeSide.obj using Guid(8ccf61113b2953541abf25c728b9fba1) Importer(815301076,1909f56bfc062723c751e8b465ee728b)  -> (artifact id: '668ae3e58c6d5b04a2736c828c786f6a') in 0.034029 seconds 
========================================================================
Received Import Request.
  Time since last request: 0.042243 seconds.
  path: Assets/minigolf-kit-2.2/Models/OBJ format/rampSquare.obj
  artifactKey: Guid(2c9954f656b8d0b44b663467c4bd2a7f) Importer(815301076,1909f56bfc062723c751e8b465ee728b)
Start importing Assets/minigolf-kit-2.2/Models/OBJ format/rampSquare.obj using Guid(2c9954f656b8d0b44b663467c4bd2a7f) Importer(815301076,1909f56bfc062723c751e8b465ee728b)  -> (artifact id: '2b20b61057437f7b5326842d8942d820') in 0.033057 seconds 
========================================================================
Received Import Request.
  Time since last request: 0.000025 seconds.
  path: Assets/minigolf-kit-2.2/Models/OBJ format/roundLargeCorner.obj
  artifactKey: Guid(8e2b9d62a883615488267363e8030bc9) Importer(815301076,1909f56bfc062723c751e8b465ee728b)
Start importing Assets/minigolf-kit-2.2/Models/OBJ format/roundLargeCorner.obj using Guid(8e2b9d62a883615488267363e8030bc9) Importer(815301076,1909f56bfc062723c751e8b465ee728b)  -> (artifact id: 'bc114d02be96071ebcf707f9405ec047') in 0.036017 seconds 
========================================================================
Received Import Request.
  Time since last request: 0.000027 seconds.
  path: Assets/minigolf-kit-2.2/Models/OBJ format/tunnelNarrow.obj
  artifactKey: Guid(b77c43f359ab8dd4b9dd65b003ab17ed) Importer(815301076,1909f56bfc062723c751e8b465ee728b)
Start importing Assets/minigolf-kit-2.2/Models/OBJ format/tunnelNarrow.obj using Guid(b77c43f359ab8dd4b9dd65b003ab17ed) Importer(815301076,1909f56bfc062723c751e8b465ee728b)  -> (artifact id: 'e73bec161a1101a4944f6051b90fa9ed') in 0.037772 seconds 
========================================================================
Received Import Request.
  Time since last request: 0.000028 seconds.
  path: Assets/minigolf-kit-2.2/Models/OBJ format/windmill.obj
  artifactKey: Guid(ba703d4f1483a484bbf273612cde2412) Importer(815301076,1909f56bfc062723c751e8b465ee728b)
Start importing Assets/minigolf-kit-2.2/Models/OBJ format/windmill.obj using Guid(ba703d4f1483a484bbf273612cde2412) Importer(815301076,1909f56bfc062723c751e8b465ee728b)  -> (artifact id: '48b91329c914d1febe888ebc40aaa5c7') in 0.051018 seconds 
========================================================================
Received Import Request.
  Time since last request: 0.000028 seconds.
  path: Assets/minigolf-kit-2.2/Models/OBJ format/roundCornerB.obj
  artifactKey: Guid(98426fc82d89ff14ca5eed1c34fbf6ff) Importer(815301076,1909f56bfc062723c751e8b465ee728b)
Start importing Assets/minigolf-kit-2.2/Models/OBJ format/roundCornerB.obj using Guid(98426fc82d89ff14ca5eed1c34fbf6ff) Importer(815301076,1909f56bfc062723c751e8b465ee728b)  -> (artifact id: '0d1da1520e85436f07d7b45c05e1f6af') in 0.036688 seconds 
========================================================================
Received Import Request.
  Time since last request: 0.000030 seconds.
  path: Assets/minigolf-kit-2.2/Models/OBJ format/splitStart.obj
  artifactKey: Guid(43682e7b3437e0a42a532afb8e1f2d25) Importer(815301076,1909f56bfc062723c751e8b465ee728b)
Start importing Assets/minigolf-kit-2.2/Models/OBJ format/splitStart.obj using Guid(43682e7b3437e0a42a532afb8e1f2d25) Importer(815301076,1909f56bfc062723c751e8b465ee728b)  -> (artifact id: '384c6a57e762a85a310cde3bda7f349e') in 0.033324 seconds 
========================================================================
Received Import Request.
  Time since last request: 0.000030 seconds.
  path: Assets/minigolf-kit-2.2/Models/OBJ format/wallLeft.obj
  artifactKey: Guid(e29f7799317d0cc44a99632185dcd4f3) Importer(815301076,1909f56bfc062723c751e8b465ee728b)
Start importing Assets/minigolf-kit-2.2/Models/OBJ format/wallLeft.obj using Guid(e29f7799317d0cc44a99632185dcd4f3) Importer(815301076,1909f56bfc062723c751e8b465ee728b)  -> (artifact id: 'd8cd57fa5c7a494d5b1c79548a82651d') in 0.031979 seconds 
========================================================================
Received Import Request.
  Time since last request: 0.000026 seconds.
  path: Assets/minigolf-kit-2.2/Models/OBJ format/skewLargeCorner.obj
  artifactKey: Guid(0687fad9db2d00c46accaae49ab010cd) Importer(815301076,1909f56bfc062723c751e8b465ee728b)
Start importing Assets/minigolf-kit-2.2/Models/OBJ format/skewLargeCorner.obj using Guid(0687fad9db2d00c46accaae49ab010cd) Importer(815301076,1909f56bfc062723c751e8b465ee728b)  -> (artifact id: '78c8a1b5d8092322078108ae04a404d6') in 0.032401 seconds 
========================================================================
Received Import Request.
  Time since last request: 0.000026 seconds.
  path: Assets/minigolf-kit-2.2/Models/OBJ format/support.obj
  artifactKey: Guid(ef6abdc1804a25046b6814fb251a5cf4) Importer(815301076,1909f56bfc062723c751e8b465ee728b)
Start importing Assets/minigolf-kit-2.2/Models/OBJ format/support.obj using Guid(ef6abdc1804a25046b6814fb251a5cf4) Importer(815301076,1909f56bfc062723c751e8b465ee728b)  -> (artifact id: '2ba5e7d5bd864423944b6ea81193e8e5') in 0.029269 seconds 
========================================================================
Received Import Request.
  Time since last request: 0.000024 seconds.
  path: Assets/minigolf-kit-2.2/Models/OBJ format/wallsToOpen.obj
  artifactKey: Guid(65212b2891470bc4e90e2ce6068ea071) Importer(815301076,1909f56bfc062723c751e8b465ee728b)
Start importing Assets/minigolf-kit-2.2/Models/OBJ format/wallsToOpen.obj using Guid(65212b2891470bc4e90e2ce6068ea071) Importer(815301076,1909f56bfc062723c751e8b465ee728b)  -> (artifact id: '88ad75e98642c40b180e7a8ea2dddc0a') in 0.031521 seconds 
========================================================================
Received Import Request.
  Time since last request: 0.000024 seconds.
  path: Assets/minigolf-kit-2.2/Models/OBJ format/wallRight.obj
  artifactKey: Guid(9d2cd5a2825c43c4699352a3a44725fa) Importer(815301076,1909f56bfc062723c751e8b465ee728b)
Start importing Assets/minigolf-kit-2.2/Models/OBJ format/wallRight.obj using Guid(9d2cd5a2825c43c4699352a3a44725fa) Importer(815301076,1909f56bfc062723c751e8b465ee728b)  -> (artifact id: '2c97b3b9a7b021faa40fdffb5b30b47f') in 0.030828 seconds 
========================================================================
Received Import Request.
  Time since last request: 0.000030 seconds.
  path: Assets/minigolf-kit-2.2/Models/OBJ format/supports_bottom.obj
  artifactKey: Guid(9b0e262eb4a209f4fa9c7623c04b7d4c) Importer(815301076,1909f56bfc062723c751e8b465ee728b)
Start importing Assets/minigolf-kit-2.2/Models/OBJ format/supports_bottom.obj using Guid(9b0e262eb4a209f4fa9c7623c04b7d4c) Importer(815301076,1909f56bfc062723c751e8b465ee728b)  -> (artifact id: 'af4bcd0b1b2c72a140e4bd234e1191da') in 0.027610 seconds 
========================================================================
Received Import Request.
  Time since last request: 0.000043 seconds.
  path: Assets/minigolf-kit-2.2/Models/OBJ format/splitT.obj
  artifactKey: Guid(fdd39ea596efffc4a9c37beab6db0e87) Importer(815301076,1909f56bfc062723c751e8b465ee728b)
Start importing Assets/minigolf-kit-2.2/Models/OBJ format/splitT.obj using Guid(fdd39ea596efffc4a9c37beab6db0e87) Importer(815301076,1909f56bfc062723c751e8b465ee728b)  -> (artifact id: 'a53a5ccd0ead574d0797d33e9efb1bb2') in 0.031710 seconds 
========================================================================
Received Import Request.
  Time since last request: 0.000021 seconds.
  path: Assets/minigolf-kit-2.2/Models/OBJ format/support_bottom.obj
  artifactKey: Guid(34f66e553a0d90d4e9ea8319fe37015b) Importer(815301076,1909f56bfc062723c751e8b465ee728b)
Start importing Assets/minigolf-kit-2.2/Models/OBJ format/support_bottom.obj using Guid(34f66e553a0d90d4e9ea8319fe37015b) Importer(815301076,1909f56bfc062723c751e8b465ee728b)  -> (artifact id: '28ed3799cf1a5a05eeff138eb40a9067') in 0.031169 seconds 
Editor requested this worker to shutdown with reason: Scaling down because of idle timeout
AssetImportWorker is now disconnected from the server
Process exiting
Exiting without the bug reporter. Application will terminate with return code 0